<testsuites id="" name="" tests="10" failures="10" skipped="0" errors="0" time="5.866484">
<testsuite name="tests/libraries.spec.ts" timestamp="2025-10-04T03:22:34.523Z" hostname="chromium" tests="10" failures="10" skipped="0" time="0.015" errors="0">
<testcase name="Libraries Page › should display libraries page" classname="tests/libraries.spec.ts" time="0.001">
<failure message="libraries.spec.ts:31:7 should display libraries page" type="FAILURE">
<![CDATA[  [chromium] › tests/libraries.spec.ts:31:7 › Libraries Page › should display libraries page ───────

    Error: browserType.launch: Executable doesn't exist at /Users/wassimmehanna/Library/Caches/ms-playwright/chromium_headless_shell-1193/chrome-mac/headless_shell
    ╔═════════════════════════════════════════════════════════════════════════╗
    ║ Looks like Playwright Test or Playwright was just installed or updated. ║
    ║ Please run the following command to download new browsers:              ║
    ║                                                                         ║
    ║     npx playwright install                                              ║
    ║                                                                         ║
    ║ <3 Playwright Team                                                      ║
    ╚═════════════════════════════════════════════════════════════════════════╝
]]>
</failure>
</testcase>
<testcase name="Libraries Page › should display library cards when libraries exist" classname="tests/libraries.spec.ts" time="0.001">
<failure message="libraries.spec.ts:36:7 should display library cards when libraries exist" type="FAILURE">
<![CDATA[  [chromium] › tests/libraries.spec.ts:36:7 › Libraries Page › should display library cards when libraries exist 

    Error: browserType.launch: Executable doesn't exist at /Users/wassimmehanna/Library/Caches/ms-playwright/chromium_headless_shell-1193/chrome-mac/headless_shell
    ╔═════════════════════════════════════════════════════════════════════════╗
    ║ Looks like Playwright Test or Playwright was just installed or updated. ║
    ║ Please run the following command to download new browsers:              ║
    ║                                                                         ║
    ║     npx playwright install                                              ║
    ║                                                                         ║
    ║ <3 Playwright Team                                                      ║
    ╚═════════════════════════════════════════════════════════════════════════╝
]]>
</failure>
</testcase>
<testcase name="Libraries Page › should show add library button" classname="tests/libraries.spec.ts" time="0.001">
<failure message="libraries.spec.ts:46:7 should show add library button" type="FAILURE">
<![CDATA[  [chromium] › tests/libraries.spec.ts:46:7 › Libraries Page › should show add library button ──────

    Error: browserType.launch: Executable doesn't exist at /Users/wassimmehanna/Library/Caches/ms-playwright/chromium_headless_shell-1193/chrome-mac/headless_shell
    ╔═════════════════════════════════════════════════════════════════════════╗
    ║ Looks like Playwright Test or Playwright was just installed or updated. ║
    ║ Please run the following command to download new browsers:              ║
    ║                                                                         ║
    ║     npx playwright install                                              ║
    ║                                                                         ║
    ║ <3 Playwright Team                                                      ║
    ╚═════════════════════════════════════════════════════════════════════════╝
]]>
</failure>
</testcase>
<testcase name="Libraries Page › should open library form when add button is clicked" classname="tests/libraries.spec.ts" time="0.004">
<failure message="libraries.spec.ts:51:7 should open library form when add button is clicked" type="FAILURE">
<![CDATA[  [chromium] › tests/libraries.spec.ts:51:7 › Libraries Page › should open library form when add button is clicked 

    Error: browserType.launch: Executable doesn't exist at /Users/wassimmehanna/Library/Caches/ms-playwright/chromium_headless_shell-1193/chrome-mac/headless_shell
    ╔═════════════════════════════════════════════════════════════════════════╗
    ║ Looks like Playwright Test or Playwright was just installed or updated. ║
    ║ Please run the following command to download new browsers:              ║
    ║                                                                         ║
    ║     npx playwright install                                              ║
    ║                                                                         ║
    ║ <3 Playwright Team                                                      ║
    ╚═════════════════════════════════════════════════════════════════════════╝
]]>
</failure>
</testcase>
<testcase name="Libraries Page › should validate required fields in library form" classname="tests/libraries.spec.ts" time="0.002">
<failure message="libraries.spec.ts:61:7 should validate required fields in library form" type="FAILURE">
<![CDATA[  [chromium] › tests/libraries.spec.ts:61:7 › Libraries Page › should validate required fields in library form 

    Error: browserType.launch: Executable doesn't exist at /Users/wassimmehanna/Library/Caches/ms-playwright/chromium_headless_shell-1193/chrome-mac/headless_shell
    ╔═════════════════════════════════════════════════════════════════════════╗
    ║ Looks like Playwright Test or Playwright was just installed or updated. ║
    ║ Please run the following command to download new browsers:              ║
    ║                                                                         ║
    ║     npx playwright install                                              ║
    ║                                                                         ║
    ║ <3 Playwright Team                                                      ║
    ╚═════════════════════════════════════════════════════════════════════════╝
]]>
</failure>
</testcase>
<testcase name="Libraries Page › should create new library with valid data" classname="tests/libraries.spec.ts" time="0.002">
<failure message="libraries.spec.ts:71:7 should create new library with valid data" type="FAILURE">
<![CDATA[  [chromium] › tests/libraries.spec.ts:71:7 › Libraries Page › should create new library with valid data 

    Error: browserType.launch: Executable doesn't exist at /Users/wassimmehanna/Library/Caches/ms-playwright/chromium_headless_shell-1193/chrome-mac/headless_shell
    ╔═════════════════════════════════════════════════════════════════════════╗
    ║ Looks like Playwright Test or Playwright was just installed or updated. ║
    ║ Please run the following command to download new browsers:              ║
    ║                                                                         ║
    ║     npx playwright install                                              ║
    ║                                                                         ║
    ║ <3 Playwright Team                                                      ║
    ╚═════════════════════════════════════════════════════════════════════════╝
]]>
</failure>
</testcase>
<testcase name="Libraries Page › should filter libraries by search" classname="tests/libraries.spec.ts" time="0.001">
<failure message="libraries.spec.ts:96:7 should filter libraries by search" type="FAILURE">
<![CDATA[  [chromium] › tests/libraries.spec.ts:96:7 › Libraries Page › should filter libraries by search ───

    Error: browserType.launch: Executable doesn't exist at /Users/wassimmehanna/Library/Caches/ms-playwright/chromium_headless_shell-1193/chrome-mac/headless_shell
    ╔═════════════════════════════════════════════════════════════════════════╗
    ║ Looks like Playwright Test or Playwright was just installed or updated. ║
    ║ Please run the following command to download new browsers:              ║
    ║                                                                         ║
    ║     npx playwright install                                              ║
    ║                                                                         ║
    ║ <3 Playwright Team                                                      ║
    ╚═════════════════════════════════════════════════════════════════════════╝
]]>
</failure>
</testcase>
<testcase name="Libraries Page › should navigate to library details on card click" classname="tests/libraries.spec.ts" time="0.001">
<failure message="libraries.spec.ts:113:7 should navigate to library details on card click" type="FAILURE">
<![CDATA[  [chromium] › tests/libraries.spec.ts:113:7 › Libraries Page › should navigate to library details on card click 

    Error: browserType.launch: Executable doesn't exist at /Users/wassimmehanna/Library/Caches/ms-playwright/chromium_headless_shell-1193/chrome-mac/headless_shell
    ╔═════════════════════════════════════════════════════════════════════════╗
    ║ Looks like Playwright Test or Playwright was just installed or updated. ║
    ║ Please run the following command to download new browsers:              ║
    ║                                                                         ║
    ║     npx playwright install                                              ║
    ║                                                                         ║
    ║ <3 Playwright Team                                                      ║
    ╚═════════════════════════════════════════════════════════════════════════╝
]]>
</failure>
</testcase>
<testcase name="Libraries Page › should handle API errors gracefully" classname="tests/libraries.spec.ts" time="0.001">
<failure message="libraries.spec.ts:121:7 should handle API errors gracefully" type="FAILURE">
<![CDATA[  [chromium] › tests/libraries.spec.ts:121:7 › Libraries Page › should handle API errors gracefully 

    Error: browserType.launch: Executable doesn't exist at /Users/wassimmehanna/Library/Caches/ms-playwright/chromium_headless_shell-1193/chrome-mac/headless_shell
    ╔═════════════════════════════════════════════════════════════════════════╗
    ║ Looks like Playwright Test or Playwright was just installed or updated. ║
    ║ Please run the following command to download new browsers:              ║
    ║                                                                         ║
    ║     npx playwright install                                              ║
    ║                                                                         ║
    ║ <3 Playwright Team                                                      ║
    ╚═════════════════════════════════════════════════════════════════════════╝
]]>
</failure>
</testcase>
<testcase name="Libraries Page › should show loading state during data fetch" classname="tests/libraries.spec.ts" time="0.001">
<failure message="libraries.spec.ts:140:7 should show loading state during data fetch" type="FAILURE">
<![CDATA[  [chromium] › tests/libraries.spec.ts:140:7 › Libraries Page › should show loading state during data fetch 

    Error: browserType.launch: Executable doesn't exist at /Users/wassimmehanna/Library/Caches/ms-playwright/chromium_headless_shell-1193/chrome-mac/headless_shell
    ╔═════════════════════════════════════════════════════════════════════════╗
    ║ Looks like Playwright Test or Playwright was just installed or updated. ║
    ║ Please run the following command to download new browsers:              ║
    ║                                                                         ║
    ║     npx playwright install                                              ║
    ║                                                                         ║
    ║ <3 Playwright Team                                                      ║
    ╚═════════════════════════════════════════════════════════════════════════╝
]]>
</failure>
</testcase>
</testsuite>
</testsuites>